<?xml version="1.0" encoding="UTF-8"?>
<!-- Generated by org.testng.reporters.JUnitXMLReporter -->
<testsuite ignored="0" hostname="LAPTOP-06DBEO4I" failures="0" tests="3" name="DEMO API" time="5.347" errors="0" timestamp="13 Oct 2021 18:56:48 GMT">
  <testcase classname="TestCases.testAPI" name="testCreatesBooking" time="3.891"/>
  <testcase classname="TestCases.testAPI" name="testCreatesBooking" time="0.705"/>
  <testcase classname="TestCases.testAPI" name="testCreatesBooking" time="0.679"/>
</testsuite> <!-- DEMO API -->
